app/build/intermediates/proguard-rules/dev/debug/aapt_rules.txt
# Referenced at stripped.dir\layout\mainboard_layout.xml:8
# Referenced at res\layout\content_finalselection.xml:2
# Referenced at res\layout\customloadingicon_layout.xml:2
-keep class android.support.constraint.ConstraintLayout { <init>(...); }

# Referenced at res\layout\design_bottom_navigation_item.xml:26
-keep class android.support.design.internal.BaselineLayout { <init>(...); }

# Referenced at res\layout\design_navigation_item.xml:17
-keep class android.support.design.internal.NavigationMenuItemView { <init>(...); }

# Referenced at res\layout\design_navigation_menu.xml:17
-keep class android.support.design.internal.NavigationMenuView { <init>(...); }

# Referenced at res\layout\design_layout_snackbar_include.xml:18
-keep class android.support.design.internal.SnackbarContentLayout { <init>(...); }

# Referenced at stripped.dir\layout\hotmovie_layout.xml:14
# Referenced at stripped.dir\layout\mainboard_layout.xml:19
# Referenced at res\layout\finalselection_layout.xml:9
# Referenced at res\layout\theaterselectiontabboard_layout.xml:9
-keep class android.support.design.widget.AppBarLayout { <init>(...); }

# Referenced at res\layout\design_text_input_password_icon.xml:18
-keep class android.support.design.widget.CheckableImageButton { <init>(...); }

# Referenced at res\layout\design_bottom_sheet_dialog.xml:26
# Referenced at stripped.dir\layout\hotmovie_layout.xml:8
# Referenced at res\layout\finalselection_layout.xml:2
# Referenced at res\layout\theaterselectiontabboard_layout.xml:2
-keep class android.support.design.widget.CoordinatorLayout { <init>(...); }

# Referenced at stripped.dir\layout\hotmovie_layout.xml:40
# Referenced at res\layout\theaterselectiontabboard_layout.xml:54
-keep class android.support.design.widget.FloatingActionButton { <init>(...); }

# Referenced at res\layout-sw600dp-v13\design_layout_snackbar.xml:18
# Referenced at res\layout\design_layout_snackbar.xml:18
-keep class android.support.design.widget.Snackbar$SnackbarLayout { <init>(...); }

# Referenced at res\layout\finalselection_layout.xml:32
# Referenced at res\layout\finalselection_layout.xml:37
# Referenced at res\layout\theaterselectiontabboard_layout.xml:31
# Referenced at res\layout\theaterselectiontabboard_layout.xml:37
-keep class android.support.design.widget.TabItem { <init>(...); }

# Referenced at res\layout\finalselection_layout.xml:25
# Referenced at res\layout\theaterselectiontabboard_layout.xml:24
-keep class android.support.design.widget.TabLayout { <init>(...); }

# Referenced at res\layout\content_finalselection.xml:13
# Referenced at res\layout\theaterselectiontabboard_layout.xml:48
-keep class android.support.v4.view.ViewPager { <init>(...); }

# Referenced at res\layout\abc_alert_dialog_material.xml:41
-keep class android.support.v4.widget.NestedScrollView { <init>(...); }

# Referenced at res\layout\abc_select_dialog_material.xml:23
-keep class android.support.v7.app.AlertController$RecycleListView { <init>(...); }

# Referenced at res\layout\abc_action_menu_item_layout.xml:17
-keep class android.support.v7.view.menu.ActionMenuItemView { <init>(...); }

# Referenced at res\layout\abc_expanded_menu_layout.xml:17
-keep class android.support.v7.view.menu.ExpandedMenuView { <init>(...); }

# Referenced at res\layout\abc_list_menu_item_layout.xml:17
# Referenced at res\layout\abc_popup_menu_item_layout.xml:17
-keep class android.support.v7.view.menu.ListMenuItemView { <init>(...); }

# Referenced at res\layout-v26\abc_screen_toolbar.xml:27
# Referenced at res\layout\abc_screen_toolbar.xml:27
-keep class android.support.v7.widget.ActionBarContainer { <init>(...); }

# Referenced at res\layout-v26\abc_screen_toolbar.xml:44
# Referenced at res\layout\abc_action_mode_bar.xml:19
# Referenced at res\layout\abc_screen_toolbar.xml:43
-keep class android.support.v7.widget.ActionBarContextView { <init>(...); }

# Referenced at res\layout-v26\abc_screen_toolbar.xml:17
# Referenced at res\layout\abc_screen_toolbar.xml:17
-keep class android.support.v7.widget.ActionBarOverlayLayout { <init>(...); }

# Referenced at res\layout\abc_action_menu_layout.xml:17
-keep class android.support.v7.widget.ActionMenuView { <init>(...); }

# Referenced at res\layout\abc_activity_chooser_view.xml:19
-keep class android.support.v7.widget.ActivityChooserView$InnerLayout { <init>(...); }

# Referenced at res\layout\abc_alert_dialog_material.xml:18
-keep class android.support.v7.widget.AlertDialogLayout { <init>(...); }

# Referenced at res\layout-watch-v20\abc_alert_dialog_button_bar_material.xml:18
# Referenced at res\layout\abc_alert_dialog_button_bar_material.xml:26
-keep class android.support.v7.widget.ButtonBarLayout { <init>(...); }

# Referenced at res\layout\abc_screen_content_include.xml:19
-keep class android.support.v7.widget.ContentFrameLayout { <init>(...); }

# Referenced at res\layout-watch-v20\abc_alert_dialog_title_material.xml:44
# Referenced at res\layout\abc_alert_dialog_title_material.xml:45
-keep class android.support.v7.widget.DialogTitle { <init>(...); }

# Referenced at res\layout\abc_screen_simple_overlay_action_mode.xml:23
-keep class android.support.v7.widget.FitWindowsFrameLayout { <init>(...); }

# Referenced at res\layout\abc_dialog_title_material.xml:22
# Referenced at res\layout\abc_screen_simple.xml:17
-keep class android.support.v7.widget.FitWindowsLinearLayout { <init>(...); }

# Referenced at stripped.dir\layout\hotmovie_layout.xml:33
# Referenced at res\layout\favoritetheater_layout.xml:12
# Referenced at res\layout\finaltheatersortfrag_layout.xml:11
# Referenced at res\layout\finaltitlesortfrag_layout.xml:11
# Referenced at res\layout\findtheater_layout.xml:46
# Referenced at res\layout\specificloc_layout.xml:12
# Referenced at res\layout\theaterlist_layout.xml:12
-keep class android.support.v7.widget.RecyclerView { <init>(...); }

# Referenced at res\layout\abc_search_view.xml:75
-keep class android.support.v7.widget.SearchView$SearchAutoComplete { <init>(...); }

# Referenced at res\layout-v26\abc_screen_toolbar.xml:37
# Referenced at res\layout\abc_screen_toolbar.xml:36
# Referenced at stripped.dir\layout\hotmovie_layout.xml:19
# Referenced at stripped.dir\layout\mainboard_layout.xml:25
# Referenced at res\layout\finalselection_layout.xml:14
# Referenced at res\layout\theaterselectiontabboard_layout.xml:14
-keep class android.support.v7.widget.Toolbar { <init>(...); }

# Referenced at res\layout\abc_screen_simple.xml:25
# Referenced at res\layout\abc_screen_simple_overlay_action_mode.xml:32
-keep class android.support.v7.widget.ViewStubCompat { <init>(...); }

# Referenced at res\layout-watch-v20\abc_alert_dialog_title_material.xml:53
# Referenced at res\layout\abc_alert_dialog_button_bar_material.xml:43
# Referenced at res\layout\abc_alert_dialog_material.xml:52
# Referenced at res\layout\abc_alert_dialog_material.xml:66
# Referenced at res\layout\abc_alert_dialog_title_material.xml:56
-keep class android.widget.Space { <init>(...); }

# Referenced at debug\arm64-v8a\AndroidManifest.xml:58
-keep class com.android.tools.ir.server.InstantRunContentProvider { <init>(...); }

# Referenced at res\layout\hotmovie_item.xml:2
-keep class com.khs.www.movietimechecker.ETC.CheckableLinearLayout { <init>(...); }

# Referenced at debug\arm64-v8a\AndroidManifest.xml:48
-keep class com.khs.www.movietimechecker.FinalSelectionRelated.Finalselection { <init>(...); }

# Referenced at debug\arm64-v8a\AndroidManifest.xml:41
-keep class com.khs.www.movietimechecker.FindTheaterRelated.TheaterSelectionTabBoard { <init>(...); }

# Referenced at debug\arm64-v8a\AndroidManifest.xml:34
-keep class com.khs.www.movietimechecker.HotMovieRelated.HotMovie { <init>(...); }

# Referenced at debug\arm64-v8a\AndroidManifest.xml:25
-keep class com.khs.www.movietimechecker.MainBoardRelated.MainBoard { <init>(...); }