app/build/outputs/mapping/dev/debug/seeds.txt
com.khs.www.movietimechecker.ETC.CheckableLinearLayout
com.khs.www.movietimechecker.ETC.CheckableLinearLayout: CheckableLinearLayout(android.content.Context,android.util.AttributeSet)
com.khs.www.movietimechecker.ETC.CheckableLinearLayout: void setChecked(boolean)
com.khs.www.movietimechecker.FinalSelectionRelated.Finalselection
com.khs.www.movietimechecker.FinalSelectionRelated.Finalselection: Finalselection()
com.khs.www.movietimechecker.FindTheaterRelated.OneTheaterInfo: android.os.Parcelable$Creator CREATOR
com.khs.www.movietimechecker.FindTheaterRelated.TheaterSelectionTabBoard
com.khs.www.movietimechecker.FindTheaterRelated.TheaterSelectionTabBoard: TheaterSelectionTabBoard()
com.khs.www.movietimechecker.HotMovieRelated.HotMovie
com.khs.www.movietimechecker.HotMovieRelated.HotMovie: HotMovie()
com.khs.www.movietimechecker.HotMovieRelated.HotMovieItem: android.os.Parcelable$Creator CREATOR
com.khs.www.movietimechecker.MainBoardRelated.MainBoard
com.khs.www.movietimechecker.MainBoardRelated.MainBoard: MainBoard()
com.khs.www.movietimechecker.MainBoardRelated.MainBoard: void onWhatClick(android.view.View)
com.khs.www.movietimechecker.MainBoardRelated.MainBoard: void onWhenClick(android.view.View)
com.khs.www.movietimechecker.MainBoardRelated.MainBoard: void onWhereClick(android.view.View)
com.khs.www.movietimechecker.R$anim: int abc_fade_in
com.khs.www.movietimechecker.R$anim: int abc_fade_out
com.khs.www.movietimechecker.R$anim: int abc_grow_fade_in_from_bottom
com.khs.www.movietimechecker.R$anim: int abc_popup_enter
com.khs.www.movietimechecker.R$anim: int abc_popup_exit
com.khs.www.movietimechecker.R$anim: int abc_shrink_fade_out_from_bottom
com.khs.www.movietimechecker.R$anim: int abc_slide_in_bottom
com.khs.www.movietimechecker.R$anim: int abc_slide_in_top
com.khs.www.movietimechecker.R$anim: int abc_slide_out_bottom
com.khs.www.movietimechecker.R$anim: int abc_slide_out_top
com.khs.www.movietimechecker.R$anim: int abc_tooltip_enter
com.khs.www.movietimechecker.R$anim: int abc_tooltip_exit
com.khs.www.movietimechecker.R$anim: int design_bottom_sheet_slide_in
com.khs.www.movietimechecker.R$anim: int design_bottom_sheet_slide_out
com.khs.www.movietimechecker.R$anim: int design_snackbar_in
com.khs.www.movietimechecker.R$anim: int design_snackbar_out
com.khs.www.movietimechecker.R$anim: int loading
com.khs.www.movietimechecker.R$animator: int design_appbar_state_list_animator
com.khs.www.movietimechecker.R$attr: int actionBarDivider
com.khs.www.movietimechecker.R$attr: int actionBarItemBackground
com.khs.www.movietimechecker.R$attr: int actionBarPopupTheme
com.khs.www.movietimechecker.R$attr: int actionBarSize
com.khs.www.movietimechecker.R$attr: int actionBarSplitStyle
com.khs.www.movietimechecker.R$attr: int actionBarStyle
com.khs.www.movietimechecker.R$attr: int actionBarTabBarStyle
com.khs.www.movietimechecker.R$attr: int actionBarTabStyle
com.khs.www.movietimechecker.R$attr: int actionBarTabTextStyle
com.khs.www.movietimechecker.R$attr: int actionBarTheme
com.khs.www.movietimechecker.R$attr: int actionBarWidgetTheme
com.khs.www.movietimechecker.R$attr: int actionButtonStyle
com.khs.www.movietimechecker.R$attr: int actionDropDownStyle
com.khs.www.movietimechecker.R$attr: int actionLayout
com.khs.www.movietimechecker.R$attr: int actionMenuTextAppearance
com.khs.www.movietimechecker.R$attr: int actionMenuTextColor
com.khs.www.movietimechecker.R$attr: int actionModeBackground
com.khs.www.movietimechecker.R$attr: int actionModeCloseButtonStyle
com.khs.www.movietimechecker.R$attr: int actionModeCloseDrawable
com.khs.www.movietimechecker.R$attr: int actionModeCopyDrawable
com.khs.www.movietimechecker.R$attr: int actionModeCutDrawable
com.khs.www.movietimechecker.R$attr: int actionModeFindDrawable
com.khs.www.movietimechecker.R$attr: int actionModePasteDrawable
com.khs.www.movietimechecker.R$attr: int actionModePopupWindowStyle
...
android.support.graphics.drawable.R$color: int notification_action_color_filter
android.support.graphics.drawable.R$color: int notification_icon_bg_color
android.support.graphics.drawable.R$color: int ripple_material_light
android.support.graphics.drawable.R$color: int secondary_text_default_material_light
android.support.graphics.drawable.R$dimen: int compat_button_inset_horizontal_material
android.support.graphics.drawable.R$dimen: int compat_button_inset_vertical_material
android.support.graphics.drawable.R$dimen: int compat_button_padding_horizontal_material
android.support.graphics.drawable.R$dimen: int compat_button_padding_vertical_material
android.support.graphics.drawable.R$dimen: int compat_control_corner_material
android.support.graphics.drawable.R$dimen: int notification_action_icon_size
android.support.graphics.drawable.R$dimen: int notification_action_text_size
android.support.graphics.drawable.R$dimen: int notification_big_circle_margin
android.support.graphics.drawable.R$dimen: int notification_content_margin_start
android.support.graphics.drawable.R$dimen: int notification_large_icon_height
android.support.graphics.drawable.R$dimen: int notification_large_icon_width
android.support.graphics.drawable.R$dimen: int notification_main_column_padding_top
android.support.graphics.drawable.R$dimen: int notification_media_narrow_margin
android.support.graphics.drawable.R$dimen: int notification_right_icon_size
android.support.graphics.drawable.R$dimen: int notification_right_side_padding_top
android.support.graphics.drawable.R$dimen: int notification_small_icon_background_padding
android.support.graphics.drawable.R$dimen: int notification_small_icon_size_as_large
android.support.graphics.drawable.R$dimen: int notification_subtext_size
android.support.graphics.drawable.R$drawable: int notification_action_background
android.support.graphics.drawable.R$drawable: int notification_bg
android.support.graphics.drawable.R$drawable: int notification_bg_low
android.support.graphics.drawable.R$drawable: int notification_bg_low_normal
android.support.graphics.drawable.R$drawable: int notification_bg_low_pressed
android.support.graphics.drawable.R$drawable: int notification_bg_normal
android.support.graphics.drawable.R$drawable: int notification_bg_normal_pressed
android.support.graphics.drawable.R$drawable: int notification_icon_background
android.support.graphics.drawable.R$drawable: int notification_template_icon_bg
android.support.graphics.drawable.R$drawable: int notification_template_icon_low_bg
android.support.graphics.drawable.R$drawable: int notification_tile_bg
android.support.graphics.drawable.R$drawable: int notify_panel_notification_icon_bg