app/build/outputs/mapping/dev/debug/mapping.txt
com.khs.www.movietimechecker.DateTimePickerRelated.DateTimePicker -> com.khs.www.movietimechecker.a.a:
    com.khs.www.movietimechecker.MainBoardRelated.MainBoard mb -> ae
    java.util.Calendar mCalendar -> af
    java.util.Date date -> ag
    java.lang.String dateFormat -> ah
    java.text.SimpleDateFormat dateFormatter -> ai
    java.lang.String selectedDate -> aj
    java.lang.String selectedTime -> ak
    android.app.TimePickerDialog$OnTimeSetListener listener -> al
    void <init>() -> <init>
    void onDateSet(android.widget.DatePicker,int,int,int) -> onDateSet
    android.app.Dialog onCreateDialog(android.os.Bundle) -> c
com.khs.www.movietimechecker.DateTimePickerRelated.DateTimePicker$1 -> com.khs.www.movietimechecker.a.a$1:
    com.khs.www.movietimechecker.DateTimePickerRelated.DateTimePicker this$0 -> a
    void <init>(com.khs.www.movietimechecker.DateTimePickerRelated.DateTimePicker) -> <init>
    void onTimeSet(android.widget.TimePicker,int,int) -> onTimeSet
com.khs.www.movietimechecker.ETC.CheckableLinearLayout -> com.khs.www.movietimechecker.ETC.CheckableLinearLayout:
    void <init>(android.content.Context,android.util.AttributeSet) -> <init>
    boolean isChecked() -> isChecked
    void toggle() -> toggle
    void setChecked(boolean) -> setChecked
com.khs.www.movietimechecker.ETC.CustomLoadingIcon -> com.khs.www.movietimechecker.ETC.a:
    android.content.Context c -> a
    android.widget.ImageView imgLogo -> b
    void <init>(android.content.Context) -> <init>
    void onCreate(android.os.Bundle) -> onCreate
    void show() -> show
    void dismiss() -> dismiss
com.khs.www.movietimechecker.ETC.Util -> com.khs.www.movietimechecker.ETC.b:
    int dpToPixel(android.content.Context,int) -> a
    java.lang.String arrayToString(java.util.ArrayList,java.lang.String) -> a
    boolean isNetworkOn(android.content.Context) -> a
com.khs.www.movietimechecker.ETC.Util$hangulmatcher -> com.khs.www.movietimechecker.ETC.b$a:
    char[] INITIAL_SOUND -> a
    boolean isInitialSound(char) -> a
    char getInitialSound(char) -> b
    boolean isHangul(char) -> c
    boolean matchString(java.lang.String,java.lang.String) -> a
    void <clinit>() -> <clinit>
com.khs.www.movietimechecker.FinalSelectionRelated.FinalListDownloader -> com.khs.www.movietimechecker.FinalSelectionRelated.a:
    java.util.ArrayList selectedMovieTitleArrForFinalSelection -> a
    java.util.ArrayList selectedTheaterArrForFinalSelection -> b
    java.lang.String date -> c
    java.lang.String time -> d
    com.khs.www.movietimechecker.ETC.CustomLoadingIcon mcL -> e
    java.util.ArrayList finalAL -> f
    android.content.Context mContext -> g
    void <init>(java.util.ArrayList,java.util.ArrayList,java.lang.String,java.lang.String,android.content.Context) -> <init>
    java.util.ArrayList doInBackground(java.lang.Void[]) -> a
    void onPreExecute() -> onPreExecute
    void onPostExecute(java.util.ArrayList) -> a
    void onPostExecute(java.lang.Object) -> onPostExecute
    java.lang.Object doInBackground(java.lang.Object[]) -> doInBackground
com.khs.www.movietimechecker.FinalSelectionRelated.FinalTheaterSortFrag -> com.khs.www.movietimechecker.FinalSelectionRelated.b:
    android.support.v7.widget.RecyclerView recyclerView -> a
    android.support.v7.widget.RecyclerView$Adapter mAdapter -> b
    android.support.v7.widget.RecyclerView$LayoutManager layoutManager -> c
    void <init>() -> <init>
    android.view.View onCreateView(android.view.LayoutInflater,android.view.ViewGroup,android.os.Bundle) -> a
    void showFinalTheaterCenteredList(java.util.ArrayList) -> a
...
android.support.v7.widget.RecyclerView$SmoothScroller -> android.support.v7.widget.RecyclerView$t:
    int mTargetPosition -> a
    android.support.v7.widget.RecyclerView mRecyclerView -> b
    android.support.v7.widget.RecyclerView$LayoutManager mLayoutManager -> c
    boolean mPendingInitialRun -> d
    boolean mRunning -> e
    android.view.View mTargetView -> f
    android.support.v7.widget.RecyclerView$SmoothScroller$Action mRecyclingAction -> g
    void setTargetPosition(int) -> a
    void stop() -> a
    boolean isPendingInitialRun() -> b
    boolean isRunning() -> c
    int getTargetPosition() -> d
    void onAnimation(int,int) -> a
    int getChildPosition(android.view.View) -> a
    void onChildAttachedToWindow(android.view.View) -> b
    void onStop() -> e
    void onSeekTargetStep(int,int,android.support.v7.widget.RecyclerView$State,android.support.v7.widget.RecyclerView$SmoothScroller$Action) -> a
    void onTargetFound(android.view.View,android.support.v7.widget.RecyclerView$State,android.support.v7.widget.RecyclerView$SmoothScroller$Action) -> a
    void access$600(android.support.v7.widget.RecyclerView$SmoothScroller,int,int) -> a
android.support.v7.widget.RecyclerView$SmoothScroller$Action -> android.support.v7.widget.RecyclerView$t$a:
    int mDx -> a
    int mDy -> b
    int mDuration -> c
    int mJumpToPosition -> d
    android.view.animation.Interpolator mInterpolator -> e
    boolean mChanged -> f
    int mConsecutiveUpdates -> g
    boolean hasJumpTarget() -> a
    void runIfNecessary(android.support.v7.widget.RecyclerView) -> a
    void validate() -> b
android.support.v7.widget.RecyclerView$State -> android.support.v7.widget.RecyclerView$u:
    int mTargetPosition -> p
    android.util.SparseArray mData -> q
    int mPreviousLayoutItemCount -> a
    int mDeletedInvisibleItemCountSincePreviousLayout -> b
    int mLayoutStep -> c
    int mItemCount -> d
    boolean mStructureChanged -> e
    boolean mInPreLayout -> f
    boolean mTrackOldChangeHolders -> g
    boolean mIsMeasuring -> h
    boolean mRunSimpleAnimations -> i
    boolean mRunPredictiveAnimations -> j
    int mFocusedItemPosition -> k
    long mFocusedItemId -> l
    int mFocusedSubChildId -> m
    int mRemainingScrollHorizontal -> n
    int mRemainingScrollVertical -> o
    void <init>() -> <init>
    void assertLayoutStep(int) -> a
    void prepareForNestedPrefetch(android.support.v7.widget.RecyclerView$Adapter) -> a
    boolean isPreLayout() -> a
    boolean willRunPredictiveAnimations() -> b
    int getTargetScrollPosition() -> c
    boolean hasTargetScrollPosition() -> d
    int getItemCount() -> e
    java.lang.String toString() -> toString
    int access$1302(android.support.v7.widget.RecyclerView$State,int) -> a
android.support.v7.widget.RecyclerView$ViewCacheExtension -> android.support.v7.widget.RecyclerView$v:
    android.view.View getViewForPositionAndType(android.support.v7.widget.RecyclerView$Recycler,int,int) -> a