app/build/outputs/mapping/dev/debug/usage.txt
com.khs.www.movietimechecker.BR
com.khs.www.movietimechecker.BuildConfig
com.khs.www.movietimechecker.ETC.Util:
    13:13:public Util()
com.khs.www.movietimechecker.ETC.Util$hangulmatcher:
    private static final char HANGUL_BEGIN_UNICODE
    private static final char HANGUL_LAST_UNICODE
    private static final char HANGUL_BASE_UNIT
    35:35:public Util$hangulmatcher()
com.khs.www.movietimechecker.FinalSelectionRelated.FinalTheaterSortFragAdapter$ItemViewHolder:
    private android.widget.TextView MovieTitleView
com.khs.www.movietimechecker.FinalSelectionRelated.FinalTitleSortFragAdapter$ItemViewHolder:
    private android.widget.TextView MovieTitleView
com.khs.www.movietimechecker.FinalSelectionRelated.OneFinalItem:
    10:10:public java.lang.String getMoviename()
    14:14:public java.lang.String getTheatername()
    18:18:public java.lang.String getMovietime()
    22:22:public java.lang.String getWhichroom()
com.khs.www.movietimechecker.FindTheaterRelated.OneTheaterInfo:
    13:14:public void setCode(java.lang.String)
    17:18:public void setName(java.lang.String)
com.khs.www.movietimechecker.FindTheaterRelated.TheaterSelectionTabBoard:
    static final int MY_PERMISSIONS_REQUEST_FINE_LOCATION
com.khs.www.movietimechecker.HotMovieRelated.HotMovieItem:
    22:23:public void setTitle(java.lang.String)
    30:31:public void setPosterlink(java.lang.String)
com.khs.www.movietimechecker.MainBoardRelated.MainBoard:
    58:58:public java.lang.String getDate()
    70:70:public java.lang.String getTime()
com.khs.www.movietimechecker.MainBoardRelated.MainBoardPresenter:
    public static final int REQ_TITLE
    public static final int REQ_THEATER
com.khs.www.movietimechecker.R
com.khs.www.movietimechecker.R$anim
com.khs.www.movietimechecker.R$animator
com.khs.www.movietimechecker.R$attr
com.khs.www.movietimechecker.R$bool
com.khs.www.movietimechecker.R$color
com.khs.www.movietimechecker.R$dimen
com.khs.www.movietimechecker.R$drawable
com.khs.www.movietimechecker.R$id
com.khs.www.movietimechecker.R$integer
com.khs.www.movietimechecker.R$layout
com.khs.www.movietimechecker.R$menu
com.khs.www.movietimechecker.R$mipmap
com.khs.www.movietimechecker.R$string
com.khs.www.movietimechecker.R$style
com.khs.www.movietimechecker.R$styleable
com.khs.www.movietimechecker.databinding.MainboardLayoutBinding:
    private com.khs.www.movietimechecker.MainBoardRelated.MainBoardPresenter mPresenter
    105:115:public boolean setVariable(int,java.lang.Object)
    119:120:public void setPresenter(com.khs.www.movietimechecker.MainBoardRelated.MainBoardPresenter)
    123:123:public com.khs.www.movietimechecker.MainBoardRelated.MainBoardPresenter getPresenter()
    135:135:public com.khs.www.movietimechecker.MainBoardRelated.MainBoard getActivity()
    140:142:protected boolean onFieldChange(int,java.lang.Object,int)
    198:198:public static com.khs.www.movietimechecker.databinding.MainboardLayoutBinding inflate(android.view.LayoutInflater,android.view.ViewGroup,boolean)
    202:202:public static com.khs.www.movietimechecker.databinding.MainboardLayoutBinding inflate(android.view.LayoutInflater,android.view.ViewGroup,boolean,android.databinding.DataBindingComponent)
    206:206:public static com.khs.www.movietimechecker.databinding.MainboardLayoutBinding inflate(android.view.LayoutInflater)
    210:210:public static com.khs.www.movietimechecker.databinding.MainboardLayoutBinding inflate(android.view.LayoutInflater,android.databinding.DataBindingComponent)
    214:214:public static com.khs.www.movietimechecker.databinding.MainboardLayoutBinding bind(android.view.View)
    218:221:public static com.khs.www.movietimechecker.databinding.MainboardLayoutBinding bind(android.view.View,android.databinding.DataBindingComponent)
...
android.arch.lifecycle.R
android.arch.lifecycle.ReportFragment:
    private static final java.lang.String REPORT_FRAGMENT_TAG
    46:46:static android.arch.lifecycle.ReportFragment get(android.app.Activity)
    127:128:void setProcessListener(android.arch.lifecycle.ReportFragment$ActivityInitializationListener)
android.arch.lifecycle.ViewModelProvider:
    private static final java.lang.String DEFAULT_KEY
    private final android.arch.lifecycle.ViewModelProvider$Factory mFactory
    private final android.arch.lifecycle.ViewModelStore mViewModelStore
    66:67:public ViewModelProvider(android.arch.lifecycle.ViewModelStoreOwner,android.arch.lifecycle.ViewModelProvider$Factory)
    77:80:public ViewModelProvider(android.arch.lifecycle.ViewModelStore,android.arch.lifecycle.ViewModelProvider$Factory)
    97:101:public android.arch.lifecycle.ViewModel get(java.lang.Class)
    121:136:public android.arch.lifecycle.ViewModel get(java.lang.String,java.lang.Class)
android.arch.lifecycle.ViewModelProvider$AndroidViewModelFactory
android.arch.lifecycle.ViewModelProvider$Factory:
    public abstract android.arch.lifecycle.ViewModel create(java.lang.Class)
android.arch.lifecycle.ViewModelProvider$NewInstanceFactory
android.arch.lifecycle.ViewModelStore:
    41:46:final void put(java.lang.String,android.arch.lifecycle.ViewModel)
    49:49:final android.arch.lifecycle.ViewModel get(java.lang.String)
android.arch.lifecycle.ViewModelStoreOwner
android.arch.lifecycle.livedata.core.BuildConfig
android.arch.lifecycle.livedata.core.R
android.arch.lifecycle.viewmodel.BuildConfig
android.arch.lifecycle.viewmodel.R
android.databinding.BaseObservable:
    33:39:public void addOnPropertyChangedCallback(android.databinding.Observable$OnPropertyChangedCallback)
    43:49:public void removeOnPropertyChangedCallback(android.databinding.Observable$OnPropertyChangedCallback)
    55:61:public void notifyChange()
android.databinding.BaseObservableField
android.databinding.BaseObservableField$DependencyCallback
android.databinding.Bindable
android.databinding.BindingAdapter
android.databinding.BindingBuildInfo
android.databinding.BindingConversion
android.databinding.BindingMethod
android.databinding.BindingMethods
android.databinding.CallbackRegistry:
    private static final java.lang.String TAG
    48:77:public CallbackRegistry(android.databinding.CallbackRegistry$NotifierCallback)
    213:220:public synchronized void add(java.lang.Object)
    277:285:public synchronized void remove(java.lang.Object)
    288:305:private void setRemovalBit(int)
    313:320:public synchronized java.util.ArrayList copyCallbacks()
    329:336:public synchronized void copyCallbacks(java.util.List)
    344:355:public synchronized boolean isEmpty()
    363:370:public synchronized void clear()
android.databinding.DataBinderMapper:
    public abstract int getLayoutId(java.lang.String)
    public abstract java.lang.String convertBrIdToString(int)
android.databinding.DataBinderMapperImpl:
    30:42:public int getLayoutId(java.lang.String)
    46:49:public java.lang.String convertBrIdToString(int)
android.databinding.DataBinderMapperImpl$InnerBrLookup